H|\^&
P|1
O|1|10020923-1^G5^^2016-09-28T06:45:38.688^^269944.00756
R|1|^^^ORG^1|727^^A
R|2|^^^PRO^1^1|727^Haemophilus influenzae^+++^2.60317192504193^d10485b6-d367-4fd0-a3be-242d64e57216
R|3|^^^PRO^1^2|727^Haemophilus influenzae^+++^2.34041331091574^b39079c4-4584-42eb-997f-f22a6aded183
R|4|^^^PRO^1^3|727^Haemophilus influenzae^+++^2.33482721781856^94814411-1909-4dd6-bf7f-15e27ec9c7e8
R|5|^^^PRO^1^4|727^Haemophilus influenzae^+++^2.31966021898435^9221d2ed-a48d-4d24-8fb0-77da1f881851
R|6|^^^PRO^1^5|727^Haemophilus influenzae^+++^2.31008455052267^4f72b31a-00ab-470a-951b-ce5180bfb49c
R|7|^^^PRO^1^6|727^Haemophilus influenzae^+++^2.30811000814293^fdb5531b-9a39-4d93-b97b-e4b2df64e115
R|8|^^^PRO^1^7|727^Haemophilus influenzae^++^2.29640880671107^1ebd53b3-f2bb-45da-afd4-c88f34716f24
R|9|^^^PRO^1^8|727^Haemophilus influenzae^++^2.27464580446836^0ba04e31-51f1-42be-91a1-09d8ddcf18bc
R|10|^^^PRO^1^9|727^Haemophilus influenzae^++^2.27266995449597^eaf5f0be-09c5-4655-96ea-762fcbf877b1
R|11|^^^PRO^1^10|727^Haemophilus influenzae^++^2.23381995446141^3c1ff675-a74f-46fc-805f-95fd6eac4488
P|2
O|1|10086487-1^G9^^2016-08-01T04:34:02.367^^269944.00756
R|1|^^^ORG^1|727^^A
R|2|^^^PRO^1^1|727^Haemophilus influenzae^+++^2.35517067143778^d10485b6-d367-4fd0-a3be-242d64e57216
R|3|^^^PRO^1^2|727^Haemophilus influenzae^++^2.19392398315024^94814411-1909-4dd6-bf7f-15e27ec9c7e8
R|4|^^^PRO^1^3|727^Haemophilus influenzae^++^2.17768981150959^4f72b31a-00ab-470a-951b-ce5180bfb49c
R|5|^^^PRO^1^4|727^Haemophilus influenzae^++^2.15597234544937^9221d2ed-a48d-4d24-8fb0-77da1f881851
R|6|^^^PRO^1^5|727^Haemophilus influenzae^++^2.15398930672831^eaf5f0be-09c5-4655-96ea-762fcbf877b1
R|7|^^^PRO^1^6|727^Haemophilus influenzae^++^2.15257434856714^fdb5531b-9a39-4d93-b97b-e4b2df64e115
R|8|^^^PRO^1^7|727^Haemophilus influenzae^++^2.13220482779238^b39079c4-4584-42eb-997f-f22a6aded183
R|9|^^^PRO^1^8|727^Haemophilus influenzae^++^2.09367190571848^3c1ff675-a74f-46fc-805f-95fd6eac4488
R|10|^^^PRO^1^9|727^Haemophilus influenzae^++^2.07626106426538^26ed41e6-48ad-4d5c-ae2e-ea808b0421b8
R|11|^^^PRO^1^10|727^Haemophilus influenzae^++^2.0616854156897^0ba04e31-51f1-42be-91a1-09d8ddcf18bc
P|3
O|1|10043657-1^G6^^2016-09-09T03:53:10.218^^269944.00756
R|1|^^^ORG^1|28091^^A
R|2|^^^PRO^1^1|28091^Neisseria weaveri^++^2.11042450642934^8f05d5c5-c88c-4bbd-a1fd-89a4c0c30876
R|3|^^^PRO^1^2|33053^Neisseria perflava^-^1.60831422942377^440b055b-7995-45e2-acc7-596d619660a0
R|4|^^^PRO^1^3|482^Neisseria zoodegmatis^-^1.5274139650006^ff98b8e0-38bc-43e0-92a6-51bddbb0a601
R|5|^^^PRO^1^4|28449^Neisseria subflava^-^1.48202010938687^77f52a75-f522-4d28-9498-43f60c9ac304
R|6|^^^PRO^1^5|482^Neisseria sp[2]^-^1.41904340344262^58d858b5-6eab-4bf4-b7fe-d666fc88bf14
R|7|^^^PRO^1^6|28449^Neisseria subflava^-^1.26553324875292^89d3efb3-4def-4ef1-8c5d-26a54b91068f
R|8|^^^PRO^1^7|484^Neisseria flavescens^-^1.26185435619469^49beeab7-0bab-4022-86b8-bff0ef39a363
R|9|^^^PRO^1^8|33053^Neisseria perflava^-^1.24805880014112^6c9081b4-b4da-42fa-9c0a-5777404dd8a4
R|10|^^^PRO^1^9|484^Neisseria flavescens^-^1.24405423118417^beb8908e-b192-4e4f-89fc-7d0a02907def
R|11|^^^PRO^1^10|43669^Brachybacterium faecium^-^1.22374830388813^dbf7afdf-aa8f-415c-b640-5314e5af267f
P|4
O|1|10063223-1^G2^^2016-12-30T11:11:55.438^^269944.00756
R|1|^^^ORG^1|727^^A
R|2|^^^PRO^1^1|727^Haemophilus influenzae^++^2.09097099737801^220ee234-1767-4790-be11-d88fc68ff19f
R|3|^^^PRO^1^2|727^Haemophilus influenzae^+^1.94541121252332^2a138110-254b-4f8b-b2fb-3f28996049b0
R|4|^^^PRO^1^3|727^Haemophilus influenzae^+^1.93137333012665^d10485b6-d367-4fd0-a3be-242d64e57216
R|5|^^^PRO^1^4|727^Haemophilus influenzae^+^1.90286724667109^0ba04e31-51f1-42be-91a1-09d8ddcf18bc
R|6|^^^PRO^1^5|727^Haemophilus influenzae^+^1.86883998630831^943b3a87-699b-4bdf-a355-407cec4c2fb7
R|7|^^^PRO^1^6|727^Haemophilus influenzae^+^1.8622509341172^1ebd53b3-f2bb-45da-afd4-c88f34716f24
R|8|^^^PRO^1^7|727^Haemophilus influenzae^+^1.85295850159311^eaf5f0be-09c5-4655-96ea-762fcbf877b1
R|9|^^^PRO^1^8|727^Haemophilus influenzae^+^1.84421190515931^fdb5531b-9a39-4d93-b97b-e4b2df64e115
R|10|^^^PRO^1^9|727^Haemophilus influenzae^+^1.8297019743395^2eee70f5-1f4d-45b2-8b11-193f7456008e
R|11|^^^PRO^1^10|727^Haemophilus influenzae^+^1.81541154334694^13557f52-2837-41ad-8fa3-e0cc7be1b24d
P|5
O|1|10062757-1^G7^^2016-10-09T02:11:30.709^^269944.00756
R|1|^^^ORG^1|1282^^B
R|2|^^^PRO^1^1|1282^Staphylococcus epidermidis^+^1.98198850272039^b487a1e3-895e-49ae-bc1c-e940757982cc
R|3|^^^PRO^1^2|1282^Staphylococcus epidermidis^+^1.87694959741356^cbefbe40-89e4-438c-81ca-ac8d312eda6d
R|4|^^^PRO^1^3|1282^Staphylococcus epidermidis^-^1.55519511793254^affdd5db-be8f-4ee6-b395-757b3b820a98
R|5|^^^PRO^1^4|1282^Staphylococcus epidermidis^-^1.47196474821763^ca61ac93-70f3-4aba-a3cd-b69ba1df29c9
R|6|^^^PRO^1^5|1282^Staphylococcus epidermidis^-^1.44490297900425^219bdfd0-cd3d-48ae-a3ed-1245691e8c9e
R|7|^^^PRO^1^6|1282^Staphylococcus epidermidis^-^1.34694846028871^cf58e860-e8a8-42cb-9f41-cfea4536d54e
R|8|^^^PRO^1^7|1282^Staphylococcus epidermidis^-^1.26388987409549^d8f3d81b-5949-4fec-96db-056d2d22cab7
R|9|^^^PRO^1^8|70255^Staphylococcus condimenti^-^1.13356432991594^295db21b-eaef-43bf-995e-9ece74e8518f
R|10|^^^PRO^1^9|1260^Finegoldia magna^-^1.07763055399743^c79a4c30-2228-45a4-bdae-87e80163ecb6
R|11|^^^PRO^1^10|45074^Legionella santicrucis^-^1.07619419524061^f7e37820-70da-4656-81df-627628886850
P|6
O|1|10028596-1^G4^^2016-06-10T09:36:33.832^^269944.00756
R|1|^^^ORG^1|1311^^A
R|2|^^^PRO^1^1|1311^Streptococcus agalactiae^++^2.21587879244818^915eee62-b094-4507-883e-7b10e4b32959
R|3|^^^PRO^1^2|1311^Streptococcus agalactiae^++^2.15970814709022^bdbec983-981b-4116-a45b-eb39a8802973
R|4|^^^PRO^1^3|1311^Streptococcus agalactiae^++^2.13396220577631^51841fed-bf0f-4043-b33e-06e87b065d03
R|5|^^^PRO^1^4|1311^Streptococcus agalactiae^++^2.04290291333664^b380cd4b-09ca-4d2e-bce8-b6fe3de5850e
R|6|^^^PRO^1^5|1311^Streptococcus agalactiae^++^2.0381904571642^3c2de650-a29a-4598-9add-f6c0973d73a7
R|7|^^^PRO^1^6|1311^Streptococcus agalactiae^++^2.01713251525416^b97c8cfc-4b5e-4c82-94b5-4392a49aef09
R|8|^^^PRO^1^7|1311^Streptococcus agalactiae^++^2.01240065226796^e70d6baf-c691-4bd1-8219-08330773db81
R|9|^^^PRO^1^8|1311^Streptococcus agalactiae^+^1.90246198526396^9e9ca3f9-eac9-4dd7-81d4-5763456b9e5c
R|10|^^^PRO^1^9|1311^Streptococcus agalactiae^+^1.75304548888076^0902add7-906d-4609-8492-1a2a9c328ec7
R|11|^^^PRO^1^10|1348^Streptococcus parauberis^-^1.60698287589014^756e130b-cc7c-478c-bee3-66e2e81723e8
P|7
O|1|10069390-1^G1^^2016-11-10T19:47:09.943^^269944.00756
R|1|^^^ORG^1|1352^^B
R|2|^^^PRO^1^1|1352^Enterococcus faecium^+^1.83846837672872^1a6211c6-69cb-4d4b-adb9-14528d6d6ea3
R|3|^^^PRO^1^2|1352^Enterococcus faecium^+^1.69956509647449^bb3fe81e-5ed8-4ff4-95bb-7f6ba07a768b
R|4|^^^PRO^1^3|1352^Enterococcus faecium^-^1.64450065629121^687e9f4b-2bba-406e-b089-14db8183ff00
R|5|^^^PRO^1^4|1352^Enterococcus faecium^-^1.51703714913082^969dbc56-912b-4c02-92a4-49d0c49091d7
R|6|^^^PRO^1^5|1352^Enterococcus faecium^-^1.4910666048791^8d1f2790-fd62-4e33-9d0d-c84b048036e1
R|7|^^^PRO^1^6|1352^Enterococcus faecium^-^1.44338499803905^3414485a-fabc-425f-90a0-57c3d734379d
R|8|^^^PRO^1^7|1352^Enterococcus faecium^-^1.43690121120938^caac92db-8113-4025-90f6-e6bdc2fb292d
R|9|^^^PRO^1^8|1352^Enterococcus faecium^-^1.30158162771757^4509804f-448d-4303-a725-bbab15634749
R|10|^^^PRO^1^9|1352^Enterococcus faecium^-^1.21052270916569^f1c60cab-6784-46e3-a2ea-2a1ef926f443
R|11|^^^PRO^1^10|1352^Enterococcus faecium^-^1.12499210990249^264f9861-5740-4cf1-a735-5ec226c1d277
P|8
O|1|10089276-2^G8^^2016-07-30T13:19:14.996^^269944.00756
R|1|^^^ORG^1|119602^^A
R|2|^^^PRO^1^1|119602^Streptococcus dysgalactiae^++^2.2001779954268^46f13889-7522-4241-9159-79d9d2581e56
R|3|^^^PRO^1^2|1334^Streptococcus dysgalactiae^++^2.19057787612857^85b673db-2b99-42cf-9211-10efed0846b0
R|4|^^^PRO^1^3|1334^Streptococcus dysgalactiae^++^2.16108602434368^9444c20e-0298-4ee3-8677-91892d3dfffe
R|5|^^^PRO^1^4|119602^Streptococcus dysgalactiae^++^2.12919810987512^7462fa5a-1ef9-4e6c-b9bb-18edc8927881
R|6|^^^PRO^1^5|99822^Streptococcus dysgalactiae^++^2.0786649927981^214bd42b-be26-44d4-b55f-163289ff8736
R|7|^^^PRO^1^6|1334^Streptococcus dysgalactiae^++^2.05913466748852^8a74e117-7e37-4ed0-9745-26a020263eb1
R|8|^^^PRO^1^7|1334^Streptococcus dysgalactiae^+^1.99061557493256^30332d97-e594-47e8-a59b-d3db27a7c17c
R|9|^^^PRO^1^8|1329^Streptococcus canis^+^1.95584615983239^5386b6f9-9ce9-40d0-8016-d5691d0f7e94
R|10|^^^PRO^1^9|119602^Streptococcus dysgalactiae^+^1.90447750579378^059730b9-0279-4937-8185-c1cf33c85c15
R|11|^^^PRO^1^10|1329^Streptococcus canis^+^1.85915058818858^9efa8a66-1a29-4b87-8c0b-6e7b33e8caf5
P|9
O|1|10045415-2^F12^^2016-03-22T09:49:21.203^^269944.00756
R|1|^^^ORG^1|180434^^A
R|2|^^^PRO^1^1|180434^Morganella morganii^++^2.03764150189621^406f3393-5ea1-4a35-abe3-888529ee677b
R|3|^^^PRO^1^2|582^Morganella morganii^+^1.96617362559016^f6049338-7f2c-47f1-bd7f-fa0adebbad6d
R|4|^^^PRO^1^3|582^Morganella morganii^+^1.96491158179775^e253deb7-af9e-491e-a47f-06d0fee78a4f
R|5|^^^PRO^1^4|180435^Morganella morganii^+^1.88604314949171^60f6705e-93da-4d76-9a16-a220658e0781
R|6|^^^PRO^1^5|180435^Morganella morganii^+^1.85324353588446^87c96b88-b482-4e27-8863-1ce8e208b184
R|7|^^^PRO^1^6|582^Morganella morganii^+^1.8430279052981^f4fe44f6-10c1-4e6a-9e80-73f417685556
R|8|^^^PRO^1^7|180434^Morganella morganii^+^1.79702119143299^c1148521-1eda-4633-aa1d-38c7e00e0a4f
R|9|^^^PRO^1^8|180434^Morganella morganii^+^1.77406299858559^e668f292-34cb-4a36-b3b2-d56b60155667
R|10|^^^PRO^1^9|180435^Morganella morganii^+^1.76647282005396^43b5c517-6a83-4e14-8164-a5c5432d22a7
R|11|^^^PRO^1^10|180435^Morganella morganii^+^1.72488856890024^13feab80-a4d1-4d31-a2fe-cfc81e330bff
P|10
O|1|30867229-3^F11^^2016-07-09T07:52:37.707^^269944.00756
R|1|^^^ORG^1|4956^^C
R|2|^^^PRO^1^1|4956^no peaks found^-^0^b8961a7f-f114-4cba-8d03-db109e2204a7
R|3|^^^PRO^1^2|4956^no peaks found^-^0^b8961a7f-f114-4cba-8d03-db109e2204a7
R|4|^^^PRO^1^3|4956^no peaks found^-^0^b8961a7f-f114-4cba-8d03-db109e2204a7
R|5|^^^PRO^1^4|4956^no peaks found^-^0^b8961a7f-f114-4cba-8d03-db109e2204a7
R|6|^^^PRO^1^5|4956^no peaks found^-^0^b8961a7f-f114-4cba-8d03-db109e2204a7
R|7|^^^PRO^1^6|4956^no peaks found^-^0^b8961a7f-f114-4cba-8d03-db109e2204a7
R|8|^^^PRO^1^7|4956^no peaks found^-^0^b8961a7f-f114-4cba-8d03-db109e2204a7
R|9|^^^PRO^1^8|4956^no peaks found^-^0^b8961a7f-f114-4cba-8d03-db109e2204a7
R|10|^^^PRO^1^9|4956^no peaks found^-^0^b8961a7f-f114-4cba-8d03-db109e2204a7
R|11|^^^PRO^1^10|4956^no peaks found^-^0^b8961a7f-f114-4cba-8d03-db109e2204a7
P|11
O|1|30847799-1^F9^^2016-12-27T21:16:28.573^^269944.00756
R|1|^^^ORG^1|4956^^C
R|2|^^^PRO^1^1|4956^no peaks found^-^0^b8961a7f-f114-4cba-8d03-db109e2204a7
R|3|^^^PRO^1^2|4956^no peaks found^-^0^b8961a7f-f114-4cba-8d03-db109e2204a7
R|4|^^^PRO^1^3|4956^no peaks found^-^0^b8961a7f-f114-4cba-8d03-db109e2204a7
R|5|^^^PRO^1^4|4956^no peaks found^-^0^b8961a7f-f114-4cba-8d03-db109e2204a7
R|6|^^^PRO^1^5|4956^no peaks found^-^0^b8961a7f-f114-4cba-8d03-db109e2204a7
R|7|^^^PRO^1^6|4956^no peaks found^-^0^b8961a7f-f114-4cba-8d03-db109e2204a7
R|8|^^^PRO^1^7|4956^no peaks found^-^0^b8961a7f-f114-4cba-8d03-db109e2204a7
R|9|^^^PRO^1^8|4956^no peaks found^-^0^b8961a7f-f114-4cba-8d03-db109e2204a7
R|10|^^^PRO^1^9|4956^no peaks found^-^0^b8961a7f-f114-4cba-8d03-db109e2204a7
R|11|^^^PRO^1^10|4956^no peaks found^-^0^b8961a7f-f114-4cba-8d03-db109e2204a7
L|1|N
